[01/11/2025, 14:28:51]: Executing pluginKey plugin-oas.1 | buildStart
[01/11/2025, 14:28:51]: Executing pluginKey plugin-ts.1 | buildStart
[01/11/2025, 14:28:51]: Executing pluginKey plugin-client.1 | buildStart
[01/11/2025, 14:28:51]: Executed pluginKey plugin-oas.1 | buildStart |  undefined
[01/11/2025, 14:28:52]: Executing pluginKey plugin-ts.1 | Resolving name 'PontoDTO' and type 'function'
[01/11/2025, 14:28:52]: Executed pluginKey plugin-ts.1 | Resolving name 'PontoDTO' and type 'function' |  "PontoDTO"
[01/11/2025, 14:28:52]: Executing pluginKey plugin-ts.1 | Resolving name 'PontoDTO' and type 'file'
[01/11/2025, 14:28:52]: Executed pluginKey plugin-ts.1 | Resolving name 'PontoDTO' and type 'file' |  "PontoDTO"
[01/11/2025, 14:28:52]: Executing pluginKey plugin-ts.1 | Resolving path 'PontoDTO.ts'
[01/11/2025, 14:28:52]: Executed pluginKey plugin-ts.1 | Resolving path 'PontoDTO.ts' |  "C:\\Users\\marco\\OneDrive\\Documentos\\TCC\\dev\\application\\Routez\\src\\api\\models\\PontoDTO.ts"
[01/11/2025, 14:28:52]: Executing pluginKey plugin-ts.1 | Resolving name 'AlgoritmosDto' and type 'function'
[01/11/2025, 14:28:52]: Executed pluginKey plugin-ts.1 | Resolving name 'AlgoritmosDto' and type 'function' |  "AlgoritmosDto"
[01/11/2025, 14:28:52]: Executing pluginKey plugin-ts.1 | Resolving name 'AlgoritmosDto' and type 'type'
[01/11/2025, 14:28:52]: Executed pluginKey plugin-ts.1 | Resolving name 'AlgoritmosDto' and type 'type' |  "AlgoritmosDto"
[01/11/2025, 14:28:52]: Executing pluginKey plugin-ts.1 | Resolving name 'AlgoritmosDto' and type 'file'
[01/11/2025, 14:28:52]: Executed pluginKey plugin-ts.1 | Resolving name 'AlgoritmosDto' and type 'file' |  "AlgoritmosDto"
[01/11/2025, 14:28:52]: Executing pluginKey plugin-ts.1 | Resolving path 'AlgoritmosDto.ts'
[01/11/2025, 14:28:52]: Executed pluginKey plugin-ts.1 | Resolving path 'AlgoritmosDto.ts' |  "C:\\Users\\marco\\OneDrive\\Documentos\\TCC\\dev\\application\\Routez\\src\\api\\models\\AlgoritmosDto.ts"
[01/11/2025, 14:28:52]: Executing pluginKey plugin-ts.1 | Resolving name 'MetricaDto' and type 'function'
[01/11/2025, 14:28:52]: Executed pluginKey plugin-ts.1 | Resolving name 'MetricaDto' and type 'function' |  "MetricaDto"
[01/11/2025, 14:28:52]: Executing pluginKey plugin-ts.1 | Resolving name 'MetricaDto' and type 'file'
[01/11/2025, 14:28:52]: Executed pluginKey plugin-ts.1 | Resolving name 'MetricaDto' and type 'file' |  "MetricaDto"
[01/11/2025, 14:28:52]: Executing pluginKey plugin-ts.1 | Resolving path 'MetricaDto.ts'
[01/11/2025, 14:28:52]: Executed pluginKey plugin-ts.1 | Resolving path 'MetricaDto.ts' |  "C:\\Users\\marco\\OneDrive\\Documentos\\TCC\\dev\\application\\Routez\\src\\api\\models\\MetricaDto.ts"
[01/11/2025, 14:28:52]: Executing pluginKey plugin-ts.1 | Resolving name 'AlgoritmosResponseDto' and type 'function'
[01/11/2025, 14:28:52]: Executed pluginKey plugin-ts.1 | Resolving name 'AlgoritmosResponseDto' and type 'function' |  "AlgoritmosResponseDto"
[01/11/2025, 14:28:52]: Executing pluginKey plugin-ts.1 | Resolving name 'AlgoritmosResponseDto' and type 'type'
[01/11/2025, 14:28:52]: Executed pluginKey plugin-ts.1 | Resolving name 'AlgoritmosResponseDto' and type 'type' |  "AlgoritmosResponseDto"
[01/11/2025, 14:28:52]: Executing pluginKey plugin-ts.1 | Resolving name 'AlgoritmosResponseDto' and type 'file'
[01/11/2025, 14:28:52]: Executed pluginKey plugin-ts.1 | Resolving name 'AlgoritmosResponseDto' and type 'file' |  "AlgoritmosResponseDto"
[01/11/2025, 14:28:52]: Executing pluginKey plugin-ts.1 | Resolving path 'AlgoritmosResponseDto.ts'
[01/11/2025, 14:28:52]: Executed pluginKey plugin-ts.1 | Resolving path 'AlgoritmosResponseDto.ts' |  "C:\\Users\\marco\\OneDrive\\Documentos\\TCC\\dev\\application\\Routez\\src\\api\\models\\AlgoritmosResponseDto.ts"
[01/11/2025, 14:28:52]: Executing pluginKey plugin-ts.1 | Resolving name 'ValidationError' and type 'function'
[01/11/2025, 14:28:52]: Executed pluginKey plugin-ts.1 | Resolving name 'ValidationError' and type 'function' |  "ValidationError"
[01/11/2025, 14:28:52]: Executing pluginKey plugin-ts.1 | Resolving name 'ValidationError' and type 'file'
[01/11/2025, 14:28:52]: Executed pluginKey plugin-ts.1 | Resolving name 'ValidationError' and type 'file' |  "ValidationError"
[01/11/2025, 14:28:52]: Executing pluginKey plugin-ts.1 | Resolving path 'ValidationError.ts'
[01/11/2025, 14:28:52]: Executed pluginKey plugin-ts.1 | Resolving path 'ValidationError.ts' |  "C:\\Users\\marco\\OneDrive\\Documentos\\TCC\\dev\\application\\Routez\\src\\api\\models\\ValidationError.ts"
[01/11/2025, 14:28:52]: Executing pluginKey plugin-ts.1 | Resolving name 'HTTPValidationError' and type 'function'
[01/11/2025, 14:28:52]: Executed pluginKey plugin-ts.1 | Resolving name 'HTTPValidationError' and type 'function' |  "HTTPValidationError"
[01/11/2025, 14:28:52]: Executing pluginKey plugin-ts.1 | Resolving name 'HTTPValidationError' and type 'type'
[01/11/2025, 14:28:52]: Executed pluginKey plugin-ts.1 | Resolving name 'HTTPValidationError' and type 'type' |  "HTTPValidationError"
[01/11/2025, 14:28:52]: Executing pluginKey plugin-ts.1 | Resolving name 'HTTPValidationError' and type 'file'
[01/11/2025, 14:28:52]: Executed pluginKey plugin-ts.1 | Resolving name 'HTTPValidationError' and type 'file' |  "HTTPValidationError"
[01/11/2025, 14:28:52]: Executing pluginKey plugin-ts.1 | Resolving path 'HTTPValidationError.ts'
[01/11/2025, 14:28:52]: Executed pluginKey plugin-ts.1 | Resolving path 'HTTPValidationError.ts' |  "C:\\Users\\marco\\OneDrive\\Documentos\\TCC\\dev\\application\\Routez\\src\\api\\models\\HTTPValidationError.ts"
[01/11/2025, 14:28:52]: Executing pluginKey plugin-ts.1 | Resolving name 'MetricaDto' and type 'function'
[01/11/2025, 14:28:52]: Executed pluginKey plugin-ts.1 | Resolving name 'MetricaDto' and type 'function' |  "MetricaDto"
[01/11/2025, 14:28:52]: Executing pluginKey plugin-ts.1 | Resolving name 'MetricaDto' and type 'type'
[01/11/2025, 14:28:52]: Executed pluginKey plugin-ts.1 | Resolving name 'MetricaDto' and type 'type' |  "MetricaDto"
[01/11/2025, 14:28:52]: Executing pluginKey plugin-ts.1 | Resolving name 'MetricaDto' and type 'file'
[01/11/2025, 14:28:52]: Executed pluginKey plugin-ts.1 | Resolving name 'MetricaDto' and type 'file' |  "MetricaDto"
[01/11/2025, 14:28:52]: Executing pluginKey plugin-ts.1 | Resolving path 'MetricaDto.ts'
[01/11/2025, 14:28:52]: Executed pluginKey plugin-ts.1 | Resolving path 'MetricaDto.ts' |  "C:\\Users\\marco\\OneDrive\\Documentos\\TCC\\dev\\application\\Routez\\src\\api\\models\\MetricaDto.ts"
[01/11/2025, 14:28:52]: Executing pluginKey plugin-ts.1 | Resolving name 'PontoDTO' and type 'function'
[01/11/2025, 14:28:52]: Executed pluginKey plugin-ts.1 | Resolving name 'PontoDTO' and type 'function' |  "PontoDTO"
[01/11/2025, 14:28:52]: Executing pluginKey plugin-ts.1 | Resolving name 'PontoDTO' and type 'type'
[01/11/2025, 14:28:52]: Executed pluginKey plugin-ts.1 | Resolving name 'PontoDTO' and type 'type' |  "PontoDTO"
[01/11/2025, 14:28:52]: Executing pluginKey plugin-ts.1 | Resolving name 'PontoDTO' and type 'file'
[01/11/2025, 14:28:52]: Executed pluginKey plugin-ts.1 | Resolving name 'PontoDTO' and type 'file' |  "PontoDTO"
[01/11/2025, 14:28:52]: Executing pluginKey plugin-ts.1 | Resolving path 'PontoDTO.ts'
[01/11/2025, 14:28:52]: Executed pluginKey plugin-ts.1 | Resolving path 'PontoDTO.ts' |  "C:\\Users\\marco\\OneDrive\\Documentos\\TCC\\dev\\application\\Routez\\src\\api\\models\\PontoDTO.ts"
[01/11/2025, 14:28:52]: Executing pluginKey plugin-ts.1 | Resolving name 'ValidationError' and type 'function'
[01/11/2025, 14:28:52]: Executed pluginKey plugin-ts.1 | Resolving name 'ValidationError' and type 'function' |  "ValidationError"
[01/11/2025, 14:28:52]: Executing pluginKey plugin-ts.1 | Resolving name 'ValidationError' and type 'type'
[01/11/2025, 14:28:52]: Executed pluginKey plugin-ts.1 | Resolving name 'ValidationError' and type 'type' |  "ValidationError"
[01/11/2025, 14:28:52]: Executing pluginKey plugin-ts.1 | Resolving name 'ValidationError' and type 'file'
[01/11/2025, 14:28:52]: Executed pluginKey plugin-ts.1 | Resolving name 'ValidationError' and type 'file' |  "ValidationError"
[01/11/2025, 14:28:52]: Executing pluginKey plugin-ts.1 | Resolving path 'ValidationError.ts'
[01/11/2025, 14:28:52]: Executed pluginKey plugin-ts.1 | Resolving path 'ValidationError.ts' |  "C:\\Users\\marco\\OneDrive\\Documentos\\TCC\\dev\\application\\Routez\\src\\api\\models\\ValidationError.ts"
[01/11/2025, 14:28:52]: Executing pluginKey plugin-ts.1 | Resolving name ' algoritmos_disponiveis_algoritmos__get ' and type 'file'
[01/11/2025, 14:28:52]: Executed pluginKey plugin-ts.1 | Resolving name ' algoritmos_disponiveis_algoritmos__get ' and type 'file' |  "AlgoritmosDisponiveisAlgoritmosGet"
[01/11/2025, 14:28:52]: Executing pluginKey plugin-ts.1 | Resolving path 'AlgoritmosDisponiveisAlgoritmosGet.ts'
[01/11/2025, 14:28:52]: Executed pluginKey plugin-ts.1 | Resolving path 'AlgoritmosDisponiveisAlgoritmosGet.ts' |  "C:\\Users\\marco\\OneDrive\\Documentos\\TCC\\dev\\application\\Routez\\src\\api\\models\\AlgoritmosDisponiveisAlgoritmosGet.ts"
[01/11/2025, 14:28:52]: Executing pluginKey plugin-ts.1 | Resolving name 'AlgoritmosDisponiveisAlgoritmosGet200' and type 'undefined'
[01/11/2025, 14:28:52]: Executed pluginKey plugin-ts.1 | Resolving name 'AlgoritmosDisponiveisAlgoritmosGet200' and type 'undefined' |  "AlgoritmosDisponiveisAlgoritmosGet200"
[01/11/2025, 14:28:52]: Executing pluginKey plugin-ts.1 | Resolving name 'AlgoritmosDisponiveisAlgoritmosGetQueryResponse' and type 'undefined'
[01/11/2025, 14:28:52]: Executed pluginKey plugin-ts.1 | Resolving name 'AlgoritmosDisponiveisAlgoritmosGetQueryResponse' and type 'undefined' |  "AlgoritmosDisponiveisAlgoritmosGetQueryResponse"
[01/11/2025, 14:28:52]: Executing pluginKey plugin-ts.1 | Resolving name ' algoritmos_disponiveis_algoritmos__get ' and type 'function'
[01/11/2025, 14:28:52]: Executed pluginKey plugin-ts.1 | Resolving name ' algoritmos_disponiveis_algoritmos__get ' and type 'function' |  "AlgoritmosDisponiveisAlgoritmosGet"
[01/11/2025, 14:28:52]: Executing pluginKey plugin-ts.1 | Resolving name 'AlgoritmosDisponiveisAlgoritmosGet200' and type 'type'
[01/11/2025, 14:28:52]: Executed pluginKey plugin-ts.1 | Resolving name 'AlgoritmosDisponiveisAlgoritmosGet200' and type 'type' |  "AlgoritmosDisponiveisAlgoritmosGet200"
[01/11/2025, 14:28:52]: Executing pluginKey plugin-ts.1 | Resolving name 'AlgoritmosDisponiveisAlgoritmosGet200' and type 'type'
[01/11/2025, 14:28:52]: Executed pluginKey plugin-ts.1 | Resolving name 'AlgoritmosDisponiveisAlgoritmosGet200' and type 'type' |  "AlgoritmosDisponiveisAlgoritmosGet200"
[01/11/2025, 14:28:52]: Executing pluginKey plugin-ts.1 | Resolving name 'AlgoritmosDisponiveisAlgoritmosGet' and type 'file'
[01/11/2025, 14:28:52]: Executed pluginKey plugin-ts.1 | Resolving name 'AlgoritmosDisponiveisAlgoritmosGet' and type 'file' |  "AlgoritmosDisponiveisAlgoritmosGet"
[01/11/2025, 14:28:52]: Executing pluginKey plugin-ts.1 | Resolving path 'AlgoritmosDisponiveisAlgoritmosGet.ts'
[01/11/2025, 14:28:52]: Executed pluginKey plugin-ts.1 | Resolving path 'AlgoritmosDisponiveisAlgoritmosGet.ts' |  "C:\\Users\\marco\\OneDrive\\Documentos\\TCC\\dev\\application\\Routez\\src\\api\\models\\AlgoritmosDisponiveisAlgoritmosGet.ts"
[01/11/2025, 14:28:52]: Executing pluginKey plugin-ts.1 | Resolving name 'AlgoritmosDisponiveisAlgoritmosGet200' and type 'function'
[01/11/2025, 14:28:52]: Executed pluginKey plugin-ts.1 | Resolving name 'AlgoritmosDisponiveisAlgoritmosGet200' and type 'function' |  "AlgoritmosDisponiveisAlgoritmosGet200"
[01/11/2025, 14:28:52]: Executing pluginKey plugin-ts.1 | Resolving name 'AlgoritmosDisponiveisAlgoritmosGet200' and type 'file'
[01/11/2025, 14:28:52]: Executed pluginKey plugin-ts.1 | Resolving name 'AlgoritmosDisponiveisAlgoritmosGet200' and type 'file' |  "AlgoritmosDisponiveisAlgoritmosGet200"
[01/11/2025, 14:28:52]: Executing pluginKey plugin-ts.1 | Resolving path 'AlgoritmosDisponiveisAlgoritmosGet200.ts'
[01/11/2025, 14:28:52]: Executed pluginKey plugin-ts.1 | Resolving path 'AlgoritmosDisponiveisAlgoritmosGet200.ts' |  "C:\\Users\\marco\\OneDrive\\Documentos\\TCC\\dev\\application\\Routez\\src\\api\\models\\AlgoritmosDisponiveisAlgoritmosGet200.ts"
[01/11/2025, 14:28:52]: Executing pluginKey plugin-ts.1 | Resolving name 'AlgoritmosDisponiveisAlgoritmosGetQueryResponse' and type 'type'
[01/11/2025, 14:28:52]: Executed pluginKey plugin-ts.1 | Resolving name 'AlgoritmosDisponiveisAlgoritmosGetQueryResponse' and type 'type' |  "AlgoritmosDisponiveisAlgoritmosGetQueryResponse"
[01/11/2025, 14:28:52]: Executing pluginKey plugin-ts.1 | Resolving name 'AlgoritmosDisponiveisAlgoritmosGetQueryResponse' and type 'type'
[01/11/2025, 14:28:52]: Executed pluginKey plugin-ts.1 | Resolving name 'AlgoritmosDisponiveisAlgoritmosGetQueryResponse' and type 'type' |  "AlgoritmosDisponiveisAlgoritmosGetQueryResponse"
[01/11/2025, 14:28:52]: Executing pluginKey plugin-ts.1 | Resolving name 'AlgoritmosDisponiveisAlgoritmosGet' and type 'file'
[01/11/2025, 14:28:52]: Executed pluginKey plugin-ts.1 | Resolving name 'AlgoritmosDisponiveisAlgoritmosGet' and type 'file' |  "AlgoritmosDisponiveisAlgoritmosGet"
[01/11/2025, 14:28:52]: Executing pluginKey plugin-ts.1 | Resolving path 'AlgoritmosDisponiveisAlgoritmosGet.ts'
[01/11/2025, 14:28:52]: Executed pluginKey plugin-ts.1 | Resolving path 'AlgoritmosDisponiveisAlgoritmosGet.ts' |  "C:\\Users\\marco\\OneDrive\\Documentos\\TCC\\dev\\application\\Routez\\src\\api\\models\\AlgoritmosDisponiveisAlgoritmosGet.ts"
[01/11/2025, 14:28:52]: Executing pluginKey plugin-ts.1 | Resolving name 'AlgoritmosDisponiveisAlgoritmosGet200' and type 'function'
[01/11/2025, 14:28:52]: Executed pluginKey plugin-ts.1 | Resolving name 'AlgoritmosDisponiveisAlgoritmosGet200' and type 'function' |  "AlgoritmosDisponiveisAlgoritmosGet200"
[01/11/2025, 14:28:52]: Executing pluginKey plugin-ts.1 | Resolving name ' calcular_rota_algoritmos__post ' and type 'file'
[01/11/2025, 14:28:52]: Executed pluginKey plugin-ts.1 | Resolving name ' calcular_rota_algoritmos__post ' and type 'file' |  "CalcularRotaAlgoritmosPost"
[01/11/2025, 14:28:52]: Executing pluginKey plugin-ts.1 | Resolving path 'CalcularRotaAlgoritmosPost.ts'
[01/11/2025, 14:28:52]: Executed pluginKey plugin-ts.1 | Resolving path 'CalcularRotaAlgoritmosPost.ts' |  "C:\\Users\\marco\\OneDrive\\Documentos\\TCC\\dev\\application\\Routez\\src\\api\\models\\CalcularRotaAlgoritmosPost.ts"
[01/11/2025, 14:28:52]: Executing pluginKey plugin-ts.1 | Resolving name 'CalcularRotaAlgoritmosPost200' and type 'undefined'
[01/11/2025, 14:28:52]: Executed pluginKey plugin-ts.1 | Resolving name 'CalcularRotaAlgoritmosPost200' and type 'undefined' |  "CalcularRotaAlgoritmosPost200"
[01/11/2025, 14:28:52]: Executing pluginKey plugin-ts.1 | Resolving name 'CalcularRotaAlgoritmosPost422' and type 'undefined'
[01/11/2025, 14:28:52]: Executed pluginKey plugin-ts.1 | Resolving name 'CalcularRotaAlgoritmosPost422' and type 'undefined' |  "CalcularRotaAlgoritmosPost422"
[01/11/2025, 14:28:52]: Executing pluginKey plugin-ts.1 | Resolving name 'CalcularRotaAlgoritmosPostMutationRequest' and type 'undefined'
[01/11/2025, 14:28:52]: Executed pluginKey plugin-ts.1 | Resolving name 'CalcularRotaAlgoritmosPostMutationRequest' and type 'undefined' |  "CalcularRotaAlgoritmosPostMutationRequest"
[01/11/2025, 14:28:52]: Executing pluginKey plugin-ts.1 | Resolving name 'CalcularRotaAlgoritmosPostMutationResponse' and type 'undefined'
[01/11/2025, 14:28:52]: Executed pluginKey plugin-ts.1 | Resolving name 'CalcularRotaAlgoritmosPostMutationResponse' and type 'undefined' |  "CalcularRotaAlgoritmosPostMutationResponse"
[01/11/2025, 14:28:52]: Executing pluginKey plugin-ts.1 | Resolving name ' calcular_rota_algoritmos__post ' and type 'function'
[01/11/2025, 14:28:52]: Executed pluginKey plugin-ts.1 | Resolving name ' calcular_rota_algoritmos__post ' and type 'function' |  "CalcularRotaAlgoritmosPost"
[01/11/2025, 14:28:52]: Executing pluginKey plugin-ts.1 | Resolving name 'AlgoritmosResponseDto' and type 'function'
[01/11/2025, 14:28:52]: Executed pluginKey plugin-ts.1 | Resolving name 'AlgoritmosResponseDto' and type 'function' |  "AlgoritmosResponseDto"
[01/11/2025, 14:28:52]: Executing pluginKey plugin-ts.1 | Resolving name 'AlgoritmosResponseDto' and type 'file'
[01/11/2025, 14:28:52]: Executed pluginKey plugin-ts.1 | Resolving name 'AlgoritmosResponseDto' and type 'file' |  "AlgoritmosResponseDto"
[01/11/2025, 14:28:52]: Executing pluginKey plugin-ts.1 | Resolving path 'AlgoritmosResponseDto.ts'
[01/11/2025, 14:28:52]: Executed pluginKey plugin-ts.1 | Resolving path 'AlgoritmosResponseDto.ts' |  "C:\\Users\\marco\\OneDrive\\Documentos\\TCC\\dev\\application\\Routez\\src\\api\\models\\AlgoritmosResponseDto.ts"
[01/11/2025, 14:28:52]: Executing pluginKey plugin-ts.1 | Resolving name 'CalcularRotaAlgoritmosPost200' and type 'type'
[01/11/2025, 14:28:52]: Executed pluginKey plugin-ts.1 | Resolving name 'CalcularRotaAlgoritmosPost200' and type 'type' |  "CalcularRotaAlgoritmosPost200"
[01/11/2025, 14:28:52]: Executing pluginKey plugin-ts.1 | Resolving name 'CalcularRotaAlgoritmosPost200' and type 'type'
[01/11/2025, 14:28:52]: Executed pluginKey plugin-ts.1 | Resolving name 'CalcularRotaAlgoritmosPost200' and type 'type' |  "CalcularRotaAlgoritmosPost200"
[01/11/2025, 14:28:52]: Executing pluginKey plugin-ts.1 | Resolving name 'CalcularRotaAlgoritmosPost' and type 'file'
[01/11/2025, 14:28:52]: Executed pluginKey plugin-ts.1 | Resolving name 'CalcularRotaAlgoritmosPost' and type 'file' |  "CalcularRotaAlgoritmosPost"
[01/11/2025, 14:28:52]: Executing pluginKey plugin-ts.1 | Resolving path 'CalcularRotaAlgoritmosPost.ts'
[01/11/2025, 14:28:52]: Executed pluginKey plugin-ts.1 | Resolving path 'CalcularRotaAlgoritmosPost.ts' |  "C:\\Users\\marco\\OneDrive\\Documentos\\TCC\\dev\\application\\Routez\\src\\api\\models\\CalcularRotaAlgoritmosPost.ts"
[01/11/2025, 14:28:52]: Executing pluginKey plugin-ts.1 | Resolving name 'HTTPValidationError' and type 'function'
[01/11/2025, 14:28:52]: Executed pluginKey plugin-ts.1 | Resolving name 'HTTPValidationError' and type 'function' |  "HTTPValidationError"
[01/11/2025, 14:28:52]: Executing pluginKey plugin-ts.1 | Resolving name 'HTTPValidationError' and type 'file'
[01/11/2025, 14:28:52]: Executed pluginKey plugin-ts.1 | Resolving name 'HTTPValidationError' and type 'file' |  "HTTPValidationError"
[01/11/2025, 14:28:52]: Executing pluginKey plugin-ts.1 | Resolving path 'HTTPValidationError.ts'
[01/11/2025, 14:28:52]: Executed pluginKey plugin-ts.1 | Resolving path 'HTTPValidationError.ts' |  "C:\\Users\\marco\\OneDrive\\Documentos\\TCC\\dev\\application\\Routez\\src\\api\\models\\HTTPValidationError.ts"
[01/11/2025, 14:28:52]: Executing pluginKey plugin-ts.1 | Resolving name 'CalcularRotaAlgoritmosPost422' and type 'type'
[01/11/2025, 14:28:52]: Executed pluginKey plugin-ts.1 | Resolving name 'CalcularRotaAlgoritmosPost422' and type 'type' |  "CalcularRotaAlgoritmosPost422"
[01/11/2025, 14:28:52]: Executing pluginKey plugin-ts.1 | Resolving name 'CalcularRotaAlgoritmosPost422' and type 'type'
[01/11/2025, 14:28:52]: Executed pluginKey plugin-ts.1 | Resolving name 'CalcularRotaAlgoritmosPost422' and type 'type' |  "CalcularRotaAlgoritmosPost422"
[01/11/2025, 14:28:52]: Executing pluginKey plugin-ts.1 | Resolving name 'CalcularRotaAlgoritmosPost' and type 'file'
[01/11/2025, 14:28:52]: Executed pluginKey plugin-ts.1 | Resolving name 'CalcularRotaAlgoritmosPost' and type 'file' |  "CalcularRotaAlgoritmosPost"
[01/11/2025, 14:28:52]: Executing pluginKey plugin-ts.1 | Resolving path 'CalcularRotaAlgoritmosPost.ts'
[01/11/2025, 14:28:52]: Executed pluginKey plugin-ts.1 | Resolving path 'CalcularRotaAlgoritmosPost.ts' |  "C:\\Users\\marco\\OneDrive\\Documentos\\TCC\\dev\\application\\Routez\\src\\api\\models\\CalcularRotaAlgoritmosPost.ts"
[01/11/2025, 14:28:52]: Executing pluginKey plugin-ts.1 | Resolving name 'AlgoritmosDto' and type 'function'
[01/11/2025, 14:28:52]: Executed pluginKey plugin-ts.1 | Resolving name 'AlgoritmosDto' and type 'function' |  "AlgoritmosDto"
[01/11/2025, 14:28:52]: Executing pluginKey plugin-ts.1 | Resolving name 'AlgoritmosDto' and type 'file'
[01/11/2025, 14:28:52]: Executed pluginKey plugin-ts.1 | Resolving name 'AlgoritmosDto' and type 'file' |  "AlgoritmosDto"
[01/11/2025, 14:28:52]: Executing pluginKey plugin-ts.1 | Resolving path 'AlgoritmosDto.ts'
[01/11/2025, 14:28:52]: Executed pluginKey plugin-ts.1 | Resolving path 'AlgoritmosDto.ts' |  "C:\\Users\\marco\\OneDrive\\Documentos\\TCC\\dev\\application\\Routez\\src\\api\\models\\AlgoritmosDto.ts"
[01/11/2025, 14:28:52]: Executing pluginKey plugin-ts.1 | Resolving name 'CalcularRotaAlgoritmosPostMutationRequest' and type 'type'
[01/11/2025, 14:28:52]: Executed pluginKey plugin-ts.1 | Resolving name 'CalcularRotaAlgoritmosPostMutationRequest' and type 'type' |  "CalcularRotaAlgoritmosPostMutationRequest"
[01/11/2025, 14:28:52]: Executing pluginKey plugin-ts.1 | Resolving name 'CalcularRotaAlgoritmosPostMutationRequest' and type 'type'
[01/11/2025, 14:28:52]: Executed pluginKey plugin-ts.1 | Resolving name 'CalcularRotaAlgoritmosPostMutationRequest' and type 'type' |  "CalcularRotaAlgoritmosPostMutationRequest"
[01/11/2025, 14:28:52]: Executing pluginKey plugin-ts.1 | Resolving name 'CalcularRotaAlgoritmosPost' and type 'file'
[01/11/2025, 14:28:52]: Executed pluginKey plugin-ts.1 | Resolving name 'CalcularRotaAlgoritmosPost' and type 'file' |  "CalcularRotaAlgoritmosPost"
[01/11/2025, 14:28:52]: Executing pluginKey plugin-ts.1 | Resolving path 'CalcularRotaAlgoritmosPost.ts'
[01/11/2025, 14:28:52]: Executed pluginKey plugin-ts.1 | Resolving path 'CalcularRotaAlgoritmosPost.ts' |  "C:\\Users\\marco\\OneDrive\\Documentos\\TCC\\dev\\application\\Routez\\src\\api\\models\\CalcularRotaAlgoritmosPost.ts"
[01/11/2025, 14:28:52]: Executing pluginKey plugin-ts.1 | Resolving name 'CalcularRotaAlgoritmosPost200' and type 'function'
[01/11/2025, 14:28:52]: Executed pluginKey plugin-ts.1 | Resolving name 'CalcularRotaAlgoritmosPost200' and type 'function' |  "CalcularRotaAlgoritmosPost200"
[01/11/2025, 14:28:52]: Executing pluginKey plugin-ts.1 | Resolving name 'CalcularRotaAlgoritmosPost200' and type 'file'
[01/11/2025, 14:28:52]: Executed pluginKey plugin-ts.1 | Resolving name 'CalcularRotaAlgoritmosPost200' and type 'file' |  "CalcularRotaAlgoritmosPost200"
[01/11/2025, 14:28:52]: Executing pluginKey plugin-ts.1 | Resolving path 'CalcularRotaAlgoritmosPost200.ts'
[01/11/2025, 14:28:52]: Executed pluginKey plugin-ts.1 | Resolving path 'CalcularRotaAlgoritmosPost200.ts' |  "C:\\Users\\marco\\OneDrive\\Documentos\\TCC\\dev\\application\\Routez\\src\\api\\models\\CalcularRotaAlgoritmosPost200.ts"
[01/11/2025, 14:28:52]: Executing pluginKey plugin-ts.1 | Resolving name 'CalcularRotaAlgoritmosPostMutationResponse' and type 'type'
[01/11/2025, 14:28:52]: Executed pluginKey plugin-ts.1 | Resolving name 'CalcularRotaAlgoritmosPostMutationResponse' and type 'type' |  "CalcularRotaAlgoritmosPostMutationResponse"
[01/11/2025, 14:28:52]: Executing pluginKey plugin-ts.1 | Resolving name 'CalcularRotaAlgoritmosPostMutationResponse' and type 'type'
[01/11/2025, 14:28:52]: Executed pluginKey plugin-ts.1 | Resolving name 'CalcularRotaAlgoritmosPostMutationResponse' and type 'type' |  "CalcularRotaAlgoritmosPostMutationResponse"
[01/11/2025, 14:28:52]: Executing pluginKey plugin-ts.1 | Resolving name 'CalcularRotaAlgoritmosPost' and type 'file'
[01/11/2025, 14:28:52]: Executed pluginKey plugin-ts.1 | Resolving name 'CalcularRotaAlgoritmosPost' and type 'file' |  "CalcularRotaAlgoritmosPost"
[01/11/2025, 14:28:52]: Executing pluginKey plugin-ts.1 | Resolving path 'CalcularRotaAlgoritmosPost.ts'
[01/11/2025, 14:28:52]: Executed pluginKey plugin-ts.1 | Resolving path 'CalcularRotaAlgoritmosPost.ts' |  "C:\\Users\\marco\\OneDrive\\Documentos\\TCC\\dev\\application\\Routez\\src\\api\\models\\CalcularRotaAlgoritmosPost.ts"
[01/11/2025, 14:28:52]: Executing pluginKey plugin-ts.1 | Resolving name 'CalcularRotaAlgoritmosPost200' and type 'function'
[01/11/2025, 14:28:52]: Executed pluginKey plugin-ts.1 | Resolving name 'CalcularRotaAlgoritmosPost200' and type 'function' |  "CalcularRotaAlgoritmosPost200"
[01/11/2025, 14:28:52]: Executing pluginKey plugin-ts.1 | Resolving name 'CalcularRotaAlgoritmosPostMutationRequest' and type 'function'
[01/11/2025, 14:28:52]: Executed pluginKey plugin-ts.1 | Resolving name 'CalcularRotaAlgoritmosPostMutationRequest' and type 'function' |  "CalcularRotaAlgoritmosPostMutationRequest"
[01/11/2025, 14:28:52]: Executing pluginKey plugin-ts.1 | Resolving name 'CalcularRotaAlgoritmosPost422' and type 'function'
[01/11/2025, 14:28:52]: Executed pluginKey plugin-ts.1 | Resolving name 'CalcularRotaAlgoritmosPost422' and type 'function' |  "CalcularRotaAlgoritmosPost422"
[01/11/2025, 14:28:52]: Executing pluginKey plugin-ts.1 | Resolving name ' get_all_pois_pois_get ' and type 'file'
[01/11/2025, 14:28:52]: Executed pluginKey plugin-ts.1 | Resolving name ' get_all_pois_pois_get ' and type 'file' |  "GetAllPoisPoisGet"
[01/11/2025, 14:28:52]: Executing pluginKey plugin-ts.1 | Resolving path 'GetAllPoisPoisGet.ts'
[01/11/2025, 14:28:52]: Executed pluginKey plugin-ts.1 | Resolving path 'GetAllPoisPoisGet.ts' |  "C:\\Users\\marco\\OneDrive\\Documentos\\TCC\\dev\\application\\Routez\\src\\api\\models\\GetAllPoisPoisGet.ts"
[01/11/2025, 14:28:52]: Executing pluginKey plugin-ts.1 | Resolving name 'GetAllPoisPoisGet200' and type 'undefined'
[01/11/2025, 14:28:52]: Executed pluginKey plugin-ts.1 | Resolving name 'GetAllPoisPoisGet200' and type 'undefined' |  "GetAllPoisPoisGet200"
[01/11/2025, 14:28:52]: Executing pluginKey plugin-ts.1 | Resolving name 'GetAllPoisPoisGetQueryResponse' and type 'undefined'
[01/11/2025, 14:28:52]: Executed pluginKey plugin-ts.1 | Resolving name 'GetAllPoisPoisGetQueryResponse' and type 'undefined' |  "GetAllPoisPoisGetQueryResponse"
[01/11/2025, 14:28:52]: Executing pluginKey plugin-ts.1 | Resolving name ' get_all_pois_pois_get ' and type 'function'
[01/11/2025, 14:28:52]: Executed pluginKey plugin-ts.1 | Resolving name ' get_all_pois_pois_get ' and type 'function' |  "GetAllPoisPoisGet"
[01/11/2025, 14:28:52]: Executing pluginKey plugin-ts.1 | Resolving name 'GetAllPoisPoisGet200' and type 'type'
[01/11/2025, 14:28:52]: Executed pluginKey plugin-ts.1 | Resolving name 'GetAllPoisPoisGet200' and type 'type' |  "GetAllPoisPoisGet200"
[01/11/2025, 14:28:52]: Executing pluginKey plugin-ts.1 | Resolving name 'GetAllPoisPoisGet200' and type 'type'
[01/11/2025, 14:28:52]: Executed pluginKey plugin-ts.1 | Resolving name 'GetAllPoisPoisGet200' and type 'type' |  "GetAllPoisPoisGet200"
[01/11/2025, 14:28:52]: Executing pluginKey plugin-ts.1 | Resolving name 'GetAllPoisPoisGet' and type 'file'
[01/11/2025, 14:28:52]: Executed pluginKey plugin-ts.1 | Resolving name 'GetAllPoisPoisGet' and type 'file' |  "GetAllPoisPoisGet"
[01/11/2025, 14:28:52]: Executing pluginKey plugin-ts.1 | Resolving path 'GetAllPoisPoisGet.ts'
[01/11/2025, 14:28:52]: Executed pluginKey plugin-ts.1 | Resolving path 'GetAllPoisPoisGet.ts' |  "C:\\Users\\marco\\OneDrive\\Documentos\\TCC\\dev\\application\\Routez\\src\\api\\models\\GetAllPoisPoisGet.ts"
[01/11/2025, 14:28:52]: Executing pluginKey plugin-ts.1 | Resolving name 'GetAllPoisPoisGet200' and type 'function'
[01/11/2025, 14:28:52]: Executed pluginKey plugin-ts.1 | Resolving name 'GetAllPoisPoisGet200' and type 'function' |  "GetAllPoisPoisGet200"
[01/11/2025, 14:28:52]: Executing pluginKey plugin-ts.1 | Resolving name 'GetAllPoisPoisGet200' and type 'file'
[01/11/2025, 14:28:52]: Executed pluginKey plugin-ts.1 | Resolving name 'GetAllPoisPoisGet200' and type 'file' |  "GetAllPoisPoisGet200"
[01/11/2025, 14:28:52]: Executing pluginKey plugin-ts.1 | Resolving path 'GetAllPoisPoisGet200.ts'
[01/11/2025, 14:28:52]: Executed pluginKey plugin-ts.1 | Resolving path 'GetAllPoisPoisGet200.ts' |  "C:\\Users\\marco\\OneDrive\\Documentos\\TCC\\dev\\application\\Routez\\src\\api\\models\\GetAllPoisPoisGet200.ts"
[01/11/2025, 14:28:52]: Executing pluginKey plugin-ts.1 | Resolving name 'GetAllPoisPoisGetQueryResponse' and type 'type'
[01/11/2025, 14:28:52]: Executed pluginKey plugin-ts.1 | Resolving name 'GetAllPoisPoisGetQueryResponse' and type 'type' |  "GetAllPoisPoisGetQueryResponse"
[01/11/2025, 14:28:52]: Executing pluginKey plugin-ts.1 | Resolving name 'GetAllPoisPoisGetQueryResponse' and type 'type'
[01/11/2025, 14:28:52]: Executed pluginKey plugin-ts.1 | Resolving name 'GetAllPoisPoisGetQueryResponse' and type 'type' |  "GetAllPoisPoisGetQueryResponse"
[01/11/2025, 14:28:52]: Executing pluginKey plugin-ts.1 | Resolving name 'GetAllPoisPoisGet' and type 'file'
[01/11/2025, 14:28:52]: Executed pluginKey plugin-ts.1 | Resolving name 'GetAllPoisPoisGet' and type 'file' |  "GetAllPoisPoisGet"
[01/11/2025, 14:28:52]: Executing pluginKey plugin-ts.1 | Resolving path 'GetAllPoisPoisGet.ts'
[01/11/2025, 14:28:52]: Executed pluginKey plugin-ts.1 | Resolving path 'GetAllPoisPoisGet.ts' |  "C:\\Users\\marco\\OneDrive\\Documentos\\TCC\\dev\\application\\Routez\\src\\api\\models\\GetAllPoisPoisGet.ts"
[01/11/2025, 14:28:52]: Executing pluginKey plugin-ts.1 | Resolving name 'GetAllPoisPoisGet200' and type 'function'
[01/11/2025, 14:28:52]: Executed pluginKey plugin-ts.1 | Resolving name 'GetAllPoisPoisGet200' and type 'function' |  "GetAllPoisPoisGet200"
[01/11/2025, 14:28:52]: Executing pluginKey plugin-ts.1 | Resolving name ' ping__get ' and type 'file'
[01/11/2025, 14:28:52]: Executed pluginKey plugin-ts.1 | Resolving name ' ping__get ' and type 'file' |  "PingGet"
[01/11/2025, 14:28:52]: Executing pluginKey plugin-ts.1 | Resolving path 'PingGet.ts'
[01/11/2025, 14:28:52]: Executed pluginKey plugin-ts.1 | Resolving path 'PingGet.ts' |  "C:\\Users\\marco\\OneDrive\\Documentos\\TCC\\dev\\application\\Routez\\src\\api\\models\\PingGet.ts"
[01/11/2025, 14:28:52]: Executing pluginKey plugin-ts.1 | Resolving name 'PingGet200' and type 'undefined'
[01/11/2025, 14:28:52]: Executed pluginKey plugin-ts.1 | Resolving name 'PingGet200' and type 'undefined' |  "PingGet200"
[01/11/2025, 14:28:52]: Executing pluginKey plugin-ts.1 | Resolving name 'PingGetQueryResponse' and type 'undefined'
[01/11/2025, 14:28:52]: Executed pluginKey plugin-ts.1 | Resolving name 'PingGetQueryResponse' and type 'undefined' |  "PingGetQueryResponse"
[01/11/2025, 14:28:52]: Executing pluginKey plugin-ts.1 | Resolving name ' ping__get ' and type 'function'
[01/11/2025, 14:28:52]: Executed pluginKey plugin-ts.1 | Resolving name ' ping__get ' and type 'function' |  "PingGet"
[01/11/2025, 14:28:52]: Executing pluginKey plugin-ts.1 | Resolving name 'PingGet200' and type 'type'
[01/11/2025, 14:28:52]: Executed pluginKey plugin-ts.1 | Resolving name 'PingGet200' and type 'type' |  "PingGet200"
[01/11/2025, 14:28:52]: Executing pluginKey plugin-ts.1 | Resolving name 'PingGet200' and type 'type'
[01/11/2025, 14:28:52]: Executed pluginKey plugin-ts.1 | Resolving name 'PingGet200' and type 'type' |  "PingGet200"
[01/11/2025, 14:28:52]: Executing pluginKey plugin-ts.1 | Resolving name 'PingGet' and type 'file'
[01/11/2025, 14:28:52]: Executed pluginKey plugin-ts.1 | Resolving name 'PingGet' and type 'file' |  "PingGet"
[01/11/2025, 14:28:52]: Executing pluginKey plugin-ts.1 | Resolving path 'PingGet.ts'
[01/11/2025, 14:28:52]: Executed pluginKey plugin-ts.1 | Resolving path 'PingGet.ts' |  "C:\\Users\\marco\\OneDrive\\Documentos\\TCC\\dev\\application\\Routez\\src\\api\\models\\PingGet.ts"
[01/11/2025, 14:28:52]: Executing pluginKey plugin-ts.1 | Resolving name 'PingGet200' and type 'function'
[01/11/2025, 14:28:52]: Executed pluginKey plugin-ts.1 | Resolving name 'PingGet200' and type 'function' |  "PingGet200"
[01/11/2025, 14:28:52]: Executing pluginKey plugin-ts.1 | Resolving name 'PingGet200' and type 'file'
[01/11/2025, 14:28:52]: Executed pluginKey plugin-ts.1 | Resolving name 'PingGet200' and type 'file' |  "PingGet200"
[01/11/2025, 14:28:52]: Executing pluginKey plugin-ts.1 | Resolving path 'PingGet200.ts'
[01/11/2025, 14:28:52]: Executed pluginKey plugin-ts.1 | Resolving path 'PingGet200.ts' |  "C:\\Users\\marco\\OneDrive\\Documentos\\TCC\\dev\\application\\Routez\\src\\api\\models\\PingGet200.ts"
[01/11/2025, 14:28:52]: Executing pluginKey plugin-ts.1 | Resolving name 'PingGetQueryResponse' and type 'type'
[01/11/2025, 14:28:52]: Executed pluginKey plugin-ts.1 | Resolving name 'PingGetQueryResponse' and type 'type' |  "PingGetQueryResponse"
[01/11/2025, 14:28:52]: Executing pluginKey plugin-ts.1 | Resolving name 'PingGetQueryResponse' and type 'type'
[01/11/2025, 14:28:52]: Executed pluginKey plugin-ts.1 | Resolving name 'PingGetQueryResponse' and type 'type' |  "PingGetQueryResponse"
[01/11/2025, 14:28:52]: Executing pluginKey plugin-ts.1 | Resolving name 'PingGet' and type 'file'
[01/11/2025, 14:28:52]: Executed pluginKey plugin-ts.1 | Resolving name 'PingGet' and type 'file' |  "PingGet"
[01/11/2025, 14:28:52]: Executing pluginKey plugin-ts.1 | Resolving path 'PingGet.ts'
[01/11/2025, 14:28:52]: Executed pluginKey plugin-ts.1 | Resolving path 'PingGet.ts' |  "C:\\Users\\marco\\OneDrive\\Documentos\\TCC\\dev\\application\\Routez\\src\\api\\models\\PingGet.ts"
[01/11/2025, 14:28:52]: Executing pluginKey plugin-ts.1 | Resolving name 'PingGet200' and type 'function'
[01/11/2025, 14:28:52]: Executed pluginKey plugin-ts.1 | Resolving name 'PingGet200' and type 'function' |  "PingGet200"
[01/11/2025, 14:28:52]: Executed pluginKey plugin-ts.1 | buildStart |  undefined
[01/11/2025, 14:28:52]: Executing pluginKey plugin-client.1 | Resolving name ' algoritmos_disponiveis_algoritmos__get ' and type 'function'
[01/11/2025, 14:28:52]: Executed pluginKey plugin-client.1 | Resolving name ' algoritmos_disponiveis_algoritmos__get ' and type 'function' |  "algoritmosDisponiveisAlgoritmosGet"
[01/11/2025, 14:28:52]: Executing pluginKey plugin-client.1 | Resolving name ' algoritmos_disponiveis_algoritmos__get ' and type 'file'
[01/11/2025, 14:28:52]: Executed pluginKey plugin-client.1 | Resolving name ' algoritmos_disponiveis_algoritmos__get ' and type 'file' |  "algoritmosDisponiveisAlgoritmosGet"
[01/11/2025, 14:28:52]: Executing pluginKey plugin-client.1 | Resolving path 'algoritmosDisponiveisAlgoritmosGet.ts'
[01/11/2025, 14:28:52]: Executed pluginKey plugin-client.1 | Resolving path 'algoritmosDisponiveisAlgoritmosGet.ts' |  "C:\\Users\\marco\\OneDrive\\Documentos\\TCC\\dev\\application\\Routez\\src\\api\\client\\algoritmosDisponiveisAlgoritmosGet.ts"
[01/11/2025, 14:28:52]: Executing pluginKey plugin-client.1 | Resolving name 'get algoritmos_disponiveis_algoritmos__get url' and type 'function'
[01/11/2025, 14:28:52]: Executed pluginKey plugin-client.1 | Resolving name 'get algoritmos_disponiveis_algoritmos__get url' and type 'function' |  "getAlgoritmosDisponiveisAlgoritmosGetUrl"
[01/11/2025, 14:28:52]: Executing pluginKey plugin-client.1 | Resolving name ' algoritmos_disponiveis_algoritmos__get ' and type 'file'
[01/11/2025, 14:28:52]: Executed pluginKey plugin-client.1 | Resolving name ' algoritmos_disponiveis_algoritmos__get ' and type 'file' |  "algoritmosDisponiveisAlgoritmosGet"
[01/11/2025, 14:28:52]: Executing pluginKey plugin-client.1 | Resolving path 'algoritmosDisponiveisAlgoritmosGet.ts'
[01/11/2025, 14:28:52]: Executed pluginKey plugin-client.1 | Resolving path 'algoritmosDisponiveisAlgoritmosGet.ts' |  "C:\\Users\\marco\\OneDrive\\Documentos\\TCC\\dev\\application\\Routez\\src\\api\\client\\algoritmosDisponiveisAlgoritmosGet.ts"
[01/11/2025, 14:28:52]: Executing pluginKey plugin-ts.1 | Resolving name ' algoritmos_disponiveis_algoritmos__get ' and type 'file'
[01/11/2025, 14:28:52]: Executed pluginKey plugin-ts.1 | Resolving name ' algoritmos_disponiveis_algoritmos__get ' and type 'file' |  "AlgoritmosDisponiveisAlgoritmosGet"
[01/11/2025, 14:28:52]: Executing pluginKey plugin-ts.1 | Resolving path 'AlgoritmosDisponiveisAlgoritmosGet.ts'
[01/11/2025, 14:28:52]: Executed pluginKey plugin-ts.1 | Resolving path 'AlgoritmosDisponiveisAlgoritmosGet.ts' |  "C:\\Users\\marco\\OneDrive\\Documentos\\TCC\\dev\\application\\Routez\\src\\api\\models\\AlgoritmosDisponiveisAlgoritmosGet.ts"
[01/11/2025, 14:28:52]: Executing pluginKey plugin-ts.1 | Resolving name 'AlgoritmosDisponiveisAlgoritmosGet200' and type 'type'
[01/11/2025, 14:28:52]: Executed pluginKey plugin-ts.1 | Resolving name 'AlgoritmosDisponiveisAlgoritmosGet200' and type 'type' |  "AlgoritmosDisponiveisAlgoritmosGet200"
[01/11/2025, 14:28:52]: Executing pluginKey plugin-ts.1 | Resolving name 'AlgoritmosDisponiveisAlgoritmosGetQueryResponse' and type 'type'
[01/11/2025, 14:28:52]: Executed pluginKey plugin-ts.1 | Resolving name 'AlgoritmosDisponiveisAlgoritmosGetQueryResponse' and type 'type' |  "AlgoritmosDisponiveisAlgoritmosGetQueryResponse"
[01/11/2025, 14:28:52]: No hook 'resolveName' for pluginKey '["plugin-zod"]' found, falling back on the '@kubb/core' plugin
[01/11/2025, 14:28:52]: Executing pluginKey core.2 | Resolving name ' algoritmos_disponiveis_algoritmos__get ' and type 'file'
[01/11/2025, 14:28:52]: Executed pluginKey core.2 | Resolving name ' algoritmos_disponiveis_algoritmos__get ' and type 'file' |  "algoritmos_disponiveis_algoritmos__get"
[01/11/2025, 14:28:52]: No hook 'resolvePath' for pluginKey '["plugin-zod"]' found, falling back on the '@kubb/core' plugin
[01/11/2025, 14:28:52]: Executing pluginKey core.2 | Resolving path 'algoritmos_disponiveis_algoritmos__get.ts'
[01/11/2025, 14:28:52]: Executed pluginKey core.2 | Resolving path 'algoritmos_disponiveis_algoritmos__get.ts' |  "C:\\Users\\marco\\OneDrive\\Documentos\\TCC\\dev\\application\\Routez\\src\\api\\algoritmos_disponiveis_algoritmos__get.ts"
[01/11/2025, 14:28:52]: No hook 'resolveName' for pluginKey '["plugin-zod"]' found, falling back on the '@kubb/core' plugin
[01/11/2025, 14:28:52]: Executing pluginKey core.2 | Resolving name 'AlgoritmosDisponiveisAlgoritmosGet200' and type 'function'
[01/11/2025, 14:28:52]: Executed pluginKey core.2 | Resolving name 'AlgoritmosDisponiveisAlgoritmosGet200' and type 'function' |  "AlgoritmosDisponiveisAlgoritmosGet200"
[01/11/2025, 14:28:52]: No hook 'resolveName' for pluginKey '["plugin-zod"]' found, falling back on the '@kubb/core' plugin
[01/11/2025, 14:28:52]: Executing pluginKey core.2 | Resolving name 'AlgoritmosDisponiveisAlgoritmosGetQueryResponse' and type 'function'
[01/11/2025, 14:28:52]: Executed pluginKey core.2 | Resolving name 'AlgoritmosDisponiveisAlgoritmosGetQueryResponse' and type 'function' |  "AlgoritmosDisponiveisAlgoritmosGetQueryResponse"
[01/11/2025, 14:28:52]: Executing pluginKey plugin-client.1 | Resolving name ' calcular_rota_algoritmos__post ' and type 'function'
[01/11/2025, 14:28:52]: Executed pluginKey plugin-client.1 | Resolving name ' calcular_rota_algoritmos__post ' and type 'function' |  "calcularRotaAlgoritmosPost"
[01/11/2025, 14:28:52]: Executing pluginKey plugin-client.1 | Resolving name ' calcular_rota_algoritmos__post ' and type 'file'
[01/11/2025, 14:28:52]: Executed pluginKey plugin-client.1 | Resolving name ' calcular_rota_algoritmos__post ' and type 'file' |  "calcularRotaAlgoritmosPost"
[01/11/2025, 14:28:52]: Executing pluginKey plugin-client.1 | Resolving path 'calcularRotaAlgoritmosPost.ts'
[01/11/2025, 14:28:52]: Executed pluginKey plugin-client.1 | Resolving path 'calcularRotaAlgoritmosPost.ts' |  "C:\\Users\\marco\\OneDrive\\Documentos\\TCC\\dev\\application\\Routez\\src\\api\\client\\calcularRotaAlgoritmosPost.ts"
[01/11/2025, 14:28:52]: Executing pluginKey plugin-client.1 | Resolving name 'get calcular_rota_algoritmos__post url' and type 'function'
[01/11/2025, 14:28:52]: Executed pluginKey plugin-client.1 | Resolving name 'get calcular_rota_algoritmos__post url' and type 'function' |  "getCalcularRotaAlgoritmosPostUrl"
[01/11/2025, 14:28:52]: Executing pluginKey plugin-client.1 | Resolving name ' calcular_rota_algoritmos__post ' and type 'file'
[01/11/2025, 14:28:52]: Executed pluginKey plugin-client.1 | Resolving name ' calcular_rota_algoritmos__post ' and type 'file' |  "calcularRotaAlgoritmosPost"
[01/11/2025, 14:28:52]: Executing pluginKey plugin-client.1 | Resolving path 'calcularRotaAlgoritmosPost.ts'
[01/11/2025, 14:28:52]: Executed pluginKey plugin-client.1 | Resolving path 'calcularRotaAlgoritmosPost.ts' |  "C:\\Users\\marco\\OneDrive\\Documentos\\TCC\\dev\\application\\Routez\\src\\api\\client\\calcularRotaAlgoritmosPost.ts"
[01/11/2025, 14:28:52]: Executing pluginKey plugin-ts.1 | Resolving name ' calcular_rota_algoritmos__post ' and type 'file'
[01/11/2025, 14:28:52]: Executed pluginKey plugin-ts.1 | Resolving name ' calcular_rota_algoritmos__post ' and type 'file' |  "CalcularRotaAlgoritmosPost"
[01/11/2025, 14:28:52]: Executing pluginKey plugin-ts.1 | Resolving path 'CalcularRotaAlgoritmosPost.ts'
[01/11/2025, 14:28:52]: Executed pluginKey plugin-ts.1 | Resolving path 'CalcularRotaAlgoritmosPost.ts' |  "C:\\Users\\marco\\OneDrive\\Documentos\\TCC\\dev\\application\\Routez\\src\\api\\models\\CalcularRotaAlgoritmosPost.ts"
[01/11/2025, 14:28:52]: Executing pluginKey plugin-ts.1 | Resolving name 'CalcularRotaAlgoritmosPost200' and type 'type'
[01/11/2025, 14:28:52]: Executed pluginKey plugin-ts.1 | Resolving name 'CalcularRotaAlgoritmosPost200' and type 'type' |  "CalcularRotaAlgoritmosPost200"
[01/11/2025, 14:28:52]: Executing pluginKey plugin-ts.1 | Resolving name 'CalcularRotaAlgoritmosPost422' and type 'type'
[01/11/2025, 14:28:52]: Executed pluginKey plugin-ts.1 | Resolving name 'CalcularRotaAlgoritmosPost422' and type 'type' |  "CalcularRotaAlgoritmosPost422"
[01/11/2025, 14:28:52]: Executing pluginKey plugin-ts.1 | Resolving name 'CalcularRotaAlgoritmosPostMutationRequest' and type 'type'
[01/11/2025, 14:28:52]: Executed pluginKey plugin-ts.1 | Resolving name 'CalcularRotaAlgoritmosPostMutationRequest' and type 'type' |  "CalcularRotaAlgoritmosPostMutationRequest"
[01/11/2025, 14:28:52]: Executing pluginKey plugin-ts.1 | Resolving name 'CalcularRotaAlgoritmosPostMutationResponse' and type 'type'
[01/11/2025, 14:28:52]: Executed pluginKey plugin-ts.1 | Resolving name 'CalcularRotaAlgoritmosPostMutationResponse' and type 'type' |  "CalcularRotaAlgoritmosPostMutationResponse"
[01/11/2025, 14:28:52]: No hook 'resolveName' for pluginKey '["plugin-zod"]' found, falling back on the '@kubb/core' plugin
[01/11/2025, 14:28:52]: Executing pluginKey core.2 | Resolving name ' calcular_rota_algoritmos__post ' and type 'file'
[01/11/2025, 14:28:52]: Executed pluginKey core.2 | Resolving name ' calcular_rota_algoritmos__post ' and type 'file' |  "calcular_rota_algoritmos__post"
[01/11/2025, 14:28:52]: No hook 'resolvePath' for pluginKey '["plugin-zod"]' found, falling back on the '@kubb/core' plugin
[01/11/2025, 14:28:52]: Executing pluginKey core.2 | Resolving path 'calcular_rota_algoritmos__post.ts'
[01/11/2025, 14:28:52]: Executed pluginKey core.2 | Resolving path 'calcular_rota_algoritmos__post.ts' |  "C:\\Users\\marco\\OneDrive\\Documentos\\TCC\\dev\\application\\Routez\\src\\api\\calcular_rota_algoritmos__post.ts"
[01/11/2025, 14:28:52]: No hook 'resolveName' for pluginKey '["plugin-zod"]' found, falling back on the '@kubb/core' plugin
[01/11/2025, 14:28:52]: Executing pluginKey core.2 | Resolving name 'CalcularRotaAlgoritmosPost200' and type 'function'
[01/11/2025, 14:28:52]: Executed pluginKey core.2 | Resolving name 'CalcularRotaAlgoritmosPost200' and type 'function' |  "CalcularRotaAlgoritmosPost200"
[01/11/2025, 14:28:52]: No hook 'resolveName' for pluginKey '["plugin-zod"]' found, falling back on the '@kubb/core' plugin
[01/11/2025, 14:28:52]: Executing pluginKey core.2 | Resolving name 'CalcularRotaAlgoritmosPost422' and type 'function'
[01/11/2025, 14:28:52]: Executed pluginKey core.2 | Resolving name 'CalcularRotaAlgoritmosPost422' and type 'function' |  "CalcularRotaAlgoritmosPost422"
[01/11/2025, 14:28:52]: No hook 'resolveName' for pluginKey '["plugin-zod"]' found, falling back on the '@kubb/core' plugin
[01/11/2025, 14:28:52]: Executing pluginKey core.2 | Resolving name 'CalcularRotaAlgoritmosPostMutationRequest' and type 'function'
[01/11/2025, 14:28:52]: Executed pluginKey core.2 | Resolving name 'CalcularRotaAlgoritmosPostMutationRequest' and type 'function' |  "CalcularRotaAlgoritmosPostMutationRequest"
[01/11/2025, 14:28:52]: No hook 'resolveName' for pluginKey '["plugin-zod"]' found, falling back on the '@kubb/core' plugin
[01/11/2025, 14:28:52]: Executing pluginKey core.2 | Resolving name 'CalcularRotaAlgoritmosPostMutationResponse' and type 'function'
[01/11/2025, 14:28:52]: Executed pluginKey core.2 | Resolving name 'CalcularRotaAlgoritmosPostMutationResponse' and type 'function' |  "CalcularRotaAlgoritmosPostMutationResponse"
[01/11/2025, 14:28:52]: Executing pluginKey plugin-client.1 | Resolving name ' get_all_pois_pois_get ' and type 'function'
[01/11/2025, 14:28:52]: Executed pluginKey plugin-client.1 | Resolving name ' get_all_pois_pois_get ' and type 'function' |  "getAllPoisPoisGet"
[01/11/2025, 14:28:52]: Executing pluginKey plugin-client.1 | Resolving name ' get_all_pois_pois_get ' and type 'file'
[01/11/2025, 14:28:52]: Executed pluginKey plugin-client.1 | Resolving name ' get_all_pois_pois_get ' and type 'file' |  "getAllPoisPoisGet"
[01/11/2025, 14:28:52]: Executing pluginKey plugin-client.1 | Resolving path 'getAllPoisPoisGet.ts'
[01/11/2025, 14:28:52]: Executed pluginKey plugin-client.1 | Resolving path 'getAllPoisPoisGet.ts' |  "C:\\Users\\marco\\OneDrive\\Documentos\\TCC\\dev\\application\\Routez\\src\\api\\client\\getAllPoisPoisGet.ts"
[01/11/2025, 14:28:52]: Executing pluginKey plugin-client.1 | Resolving name 'get get_all_pois_pois_get url' and type 'function'
[01/11/2025, 14:28:52]: Executed pluginKey plugin-client.1 | Resolving name 'get get_all_pois_pois_get url' and type 'function' |  "getGetAllPoisPoisGetUrl"
[01/11/2025, 14:28:52]: Executing pluginKey plugin-client.1 | Resolving name ' get_all_pois_pois_get ' and type 'file'
[01/11/2025, 14:28:52]: Executed pluginKey plugin-client.1 | Resolving name ' get_all_pois_pois_get ' and type 'file' |  "getAllPoisPoisGet"
[01/11/2025, 14:28:52]: Executing pluginKey plugin-client.1 | Resolving path 'getAllPoisPoisGet.ts'
[01/11/2025, 14:28:52]: Executed pluginKey plugin-client.1 | Resolving path 'getAllPoisPoisGet.ts' |  "C:\\Users\\marco\\OneDrive\\Documentos\\TCC\\dev\\application\\Routez\\src\\api\\client\\getAllPoisPoisGet.ts"
[01/11/2025, 14:28:52]: Executing pluginKey plugin-ts.1 | Resolving name ' get_all_pois_pois_get ' and type 'file'
[01/11/2025, 14:28:52]: Executed pluginKey plugin-ts.1 | Resolving name ' get_all_pois_pois_get ' and type 'file' |  "GetAllPoisPoisGet"
[01/11/2025, 14:28:52]: Executing pluginKey plugin-ts.1 | Resolving path 'GetAllPoisPoisGet.ts'
[01/11/2025, 14:28:52]: Executed pluginKey plugin-ts.1 | Resolving path 'GetAllPoisPoisGet.ts' |  "C:\\Users\\marco\\OneDrive\\Documentos\\TCC\\dev\\application\\Routez\\src\\api\\models\\GetAllPoisPoisGet.ts"
[01/11/2025, 14:28:52]: Executing pluginKey plugin-ts.1 | Resolving name 'GetAllPoisPoisGet200' and type 'type'
[01/11/2025, 14:28:52]: Executed pluginKey plugin-ts.1 | Resolving name 'GetAllPoisPoisGet200' and type 'type' |  "GetAllPoisPoisGet200"
[01/11/2025, 14:28:52]: Executing pluginKey plugin-ts.1 | Resolving name 'GetAllPoisPoisGetQueryResponse' and type 'type'
[01/11/2025, 14:28:52]: Executed pluginKey plugin-ts.1 | Resolving name 'GetAllPoisPoisGetQueryResponse' and type 'type' |  "GetAllPoisPoisGetQueryResponse"
[01/11/2025, 14:28:52]: No hook 'resolveName' for pluginKey '["plugin-zod"]' found, falling back on the '@kubb/core' plugin
[01/11/2025, 14:28:52]: Executing pluginKey core.2 | Resolving name ' get_all_pois_pois_get ' and type 'file'
[01/11/2025, 14:28:52]: Executed pluginKey core.2 | Resolving name ' get_all_pois_pois_get ' and type 'file' |  "get_all_pois_pois_get"
[01/11/2025, 14:28:52]: No hook 'resolvePath' for pluginKey '["plugin-zod"]' found, falling back on the '@kubb/core' plugin
[01/11/2025, 14:28:52]: Executing pluginKey core.2 | Resolving path 'get_all_pois_pois_get.ts'
[01/11/2025, 14:28:52]: Executed pluginKey core.2 | Resolving path 'get_all_pois_pois_get.ts' |  "C:\\Users\\marco\\OneDrive\\Documentos\\TCC\\dev\\application\\Routez\\src\\api\\get_all_pois_pois_get.ts"
[01/11/2025, 14:28:52]: No hook 'resolveName' for pluginKey '["plugin-zod"]' found, falling back on the '@kubb/core' plugin
[01/11/2025, 14:28:52]: Executing pluginKey core.2 | Resolving name 'GetAllPoisPoisGet200' and type 'function'
[01/11/2025, 14:28:52]: Executed pluginKey core.2 | Resolving name 'GetAllPoisPoisGet200' and type 'function' |  "GetAllPoisPoisGet200"
[01/11/2025, 14:28:52]: No hook 'resolveName' for pluginKey '["plugin-zod"]' found, falling back on the '@kubb/core' plugin
[01/11/2025, 14:28:52]: Executing pluginKey core.2 | Resolving name 'GetAllPoisPoisGetQueryResponse' and type 'function'
[01/11/2025, 14:28:52]: Executed pluginKey core.2 | Resolving name 'GetAllPoisPoisGetQueryResponse' and type 'function' |  "GetAllPoisPoisGetQueryResponse"
[01/11/2025, 14:28:52]: Executing pluginKey plugin-client.1 | Resolving name ' ping__get ' and type 'function'
[01/11/2025, 14:28:52]: Executed pluginKey plugin-client.1 | Resolving name ' ping__get ' and type 'function' |  "pingGet"
[01/11/2025, 14:28:52]: Executing pluginKey plugin-client.1 | Resolving name ' ping__get ' and type 'file'
[01/11/2025, 14:28:52]: Executed pluginKey plugin-client.1 | Resolving name ' ping__get ' and type 'file' |  "pingGet"
[01/11/2025, 14:28:52]: Executing pluginKey plugin-client.1 | Resolving path 'pingGet.ts'
[01/11/2025, 14:28:52]: Executed pluginKey plugin-client.1 | Resolving path 'pingGet.ts' |  "C:\\Users\\marco\\OneDrive\\Documentos\\TCC\\dev\\application\\Routez\\src\\api\\client\\pingGet.ts"
[01/11/2025, 14:28:52]: Executing pluginKey plugin-client.1 | Resolving name 'get ping__get url' and type 'function'
[01/11/2025, 14:28:52]: Executed pluginKey plugin-client.1 | Resolving name 'get ping__get url' and type 'function' |  "getPingGetUrl"
[01/11/2025, 14:28:52]: Executing pluginKey plugin-client.1 | Resolving name ' ping__get ' and type 'file'
[01/11/2025, 14:28:52]: Executed pluginKey plugin-client.1 | Resolving name ' ping__get ' and type 'file' |  "pingGet"
[01/11/2025, 14:28:52]: Executing pluginKey plugin-client.1 | Resolving path 'pingGet.ts'
[01/11/2025, 14:28:52]: Executed pluginKey plugin-client.1 | Resolving path 'pingGet.ts' |  "C:\\Users\\marco\\OneDrive\\Documentos\\TCC\\dev\\application\\Routez\\src\\api\\client\\pingGet.ts"
[01/11/2025, 14:28:52]: Executing pluginKey plugin-ts.1 | Resolving name ' ping__get ' and type 'file'
[01/11/2025, 14:28:52]: Executed pluginKey plugin-ts.1 | Resolving name ' ping__get ' and type 'file' |  "PingGet"
[01/11/2025, 14:28:52]: Executing pluginKey plugin-ts.1 | Resolving path 'PingGet.ts'
[01/11/2025, 14:28:52]: Executed pluginKey plugin-ts.1 | Resolving path 'PingGet.ts' |  "C:\\Users\\marco\\OneDrive\\Documentos\\TCC\\dev\\application\\Routez\\src\\api\\models\\PingGet.ts"
[01/11/2025, 14:28:52]: Executing pluginKey plugin-ts.1 | Resolving name 'PingGet200' and type 'type'
[01/11/2025, 14:28:52]: Executed pluginKey plugin-ts.1 | Resolving name 'PingGet200' and type 'type' |  "PingGet200"
[01/11/2025, 14:28:52]: Executing pluginKey plugin-ts.1 | Resolving name 'PingGetQueryResponse' and type 'type'
[01/11/2025, 14:28:52]: Executed pluginKey plugin-ts.1 | Resolving name 'PingGetQueryResponse' and type 'type' |  "PingGetQueryResponse"
[01/11/2025, 14:28:52]: No hook 'resolveName' for pluginKey '["plugin-zod"]' found, falling back on the '@kubb/core' plugin
[01/11/2025, 14:28:52]: Executing pluginKey core.2 | Resolving name ' ping__get ' and type 'file'
[01/11/2025, 14:28:52]: Executed pluginKey core.2 | Resolving name ' ping__get ' and type 'file' |  "ping__get"
[01/11/2025, 14:28:52]: No hook 'resolvePath' for pluginKey '["plugin-zod"]' found, falling back on the '@kubb/core' plugin
[01/11/2025, 14:28:52]: Executing pluginKey core.2 | Resolving path 'ping__get.ts'
[01/11/2025, 14:28:52]: Executed pluginKey core.2 | Resolving path 'ping__get.ts' |  "C:\\Users\\marco\\OneDrive\\Documentos\\TCC\\dev\\application\\Routez\\src\\api\\ping__get.ts"
[01/11/2025, 14:28:52]: No hook 'resolveName' for pluginKey '["plugin-zod"]' found, falling back on the '@kubb/core' plugin
[01/11/2025, 14:28:52]: Executing pluginKey core.2 | Resolving name 'PingGet200' and type 'function'
[01/11/2025, 14:28:52]: Executed pluginKey core.2 | Resolving name 'PingGet200' and type 'function' |  "PingGet200"
[01/11/2025, 14:28:52]: No hook 'resolveName' for pluginKey '["plugin-zod"]' found, falling back on the '@kubb/core' plugin
[01/11/2025, 14:28:52]: Executing pluginKey core.2 | Resolving name 'PingGetQueryResponse' and type 'function'
[01/11/2025, 14:28:52]: Executed pluginKey core.2 | Resolving name 'PingGetQueryResponse' and type 'function' |  "PingGetQueryResponse"
[01/11/2025, 14:28:52]: Executed pluginKey plugin-client.1 | buildStart |  undefined